<?xml version="1.0" encoding="UTF-8"?>
<!-- Generated by org.testng.reporters.JUnitXMLReporter -->
<testsuite ignored="0" hostname="MAGAR" failures="3" tests="23" name="Test" time="401.18" errors="0" timestamp="2023-10-24T20:18:45 IST">
  <testcase classname="testCases.LoginPageTest" name="LoginToApplicationTest" time="3.305"/>
  <testcase classname="testCases.LoginPageTest" name="verifyTitleOfApplication" time="0.062"/>
  <testcase classname="testCases.LoginPageTest" name="verifyURLOfApplicationTest" time="0.048">
    <failure type="java.lang.AssertionError" message="expected:&amp;lt;Swag Labs&amp;gt; but was:&amp;lt;https://www.saucedemo.com/&amp;gt;">
      <![CDATA[java.lang.AssertionError: expected:<Swag Labs> but was:<https://www.saucedemo.com/>
at testCases.LoginPageTest.verifyURLOfApplicationTest(LoginPageTest.java:34)
at java.base/java.util.ArrayList.forEach(ArrayList.java:1511)
... Removed 29 stack frames]]>
    </failure>
  </testcase> <!-- verifyURLOfApplicationTest -->
  <testcase classname="testCases.Inventory_Page_Test" name="add6ProductsTest" time="0.625">
    <failure type="java.lang.AssertionError" message="expected:&amp;lt;4&amp;gt; but was:&amp;lt;6&amp;gt;">
      <![CDATA[java.lang.AssertionError: expected:<4> but was:<6>
at testCases.Inventory_Page_Test.add6ProductsTest(Inventory_Page_Test.java:173)
at java.base/java.util.ArrayList.forEach(ArrayList.java:1511)
... Removed 29 stack frames]]>
    </failure>
  </testcase> <!-- add6ProductsTest -->
  <testcase classname="testCases.Inventory_Page_Test" name="remove2ProductTest" time="0.699">
    <failure type="java.lang.AssertionError" message="expected:&amp;lt;6&amp;gt; but was:&amp;lt;4&amp;gt;">
      <![CDATA[java.lang.AssertionError: expected:<6> but was:<4>
at testCases.Inventory_Page_Test.remove2ProductTest(Inventory_Page_Test.java:181)
at java.base/java.util.ArrayList.forEach(ArrayList.java:1511)
... Removed 29 stack frames]]>
    </failure>
  </testcase> <!-- remove2ProductTest -->
  <testcase classname="testCases.Inventory_Page_Test" name="verifyAddtocart1Test" time="0.035"/>
  <testcase classname="testCases.Inventory_Page_Test" name="verifyAddtocart2Test" time="0.038"/>
  <testcase classname="testCases.Inventory_Page_Test" name="verifyAddtocart3Test" time="0.044"/>
  <testcase classname="testCases.Inventory_Page_Test" name="verifyAddtocart4Test" time="0.051"/>
  <testcase classname="testCases.Inventory_Page_Test" name="verifyAddtocart5Test" time="0.039"/>
  <testcase classname="testCases.Inventory_Page_Test" name="verifyAddtocart6Test" time="0.034"/>
  <testcase classname="testCases.Inventory_Page_Test" name="verifyAppLogoLabelTest" time="0.03"/>
  <testcase classname="testCases.Inventory_Page_Test" name="verifyCartLogoTest" time="0.031"/>
  <testcase classname="testCases.Inventory_Page_Test" name="verifyFacebookTest" time="0.033"/>
  <testcase classname="testCases.Inventory_Page_Test" name="verifyLinkedInTest" time="0.027"/>
  <testcase classname="testCases.Inventory_Page_Test" name="verifyProductLabelTest" time="0.078"/>
  <testcase classname="testCases.Inventory_Page_Test" name="verifyProductNameText1Test" time="0.026"/>
  <testcase classname="testCases.Inventory_Page_Test" name="verifyProductNameText2Test" time="0.015"/>
  <testcase classname="testCases.Inventory_Page_Test" name="verifyProductNameText3Test" time="0.016"/>
  <testcase classname="testCases.Inventory_Page_Test" name="verifyProductNameText4Test" time="0.025"/>
  <testcase classname="testCases.Inventory_Page_Test" name="verifyProductNameText5Test" time="0.023"/>
  <testcase classname="testCases.Inventory_Page_Test" name="verifyProductNameText6Test" time="0.038"/>
  <testcase classname="testCases.Inventory_Page_Test" name="verifyTwitterLogoTest" time="0.039"/>
</testsuite> <!-- Test -->
