<?xml version="1.0" encoding="UTF-8"?>
<!-- Generated by org.testng.reporters.JUnitReportReporter -->
<testsuite hostname="MAGAR" failures="2" tests="20" name="testCases.Inventory_Page_Test" time="290.647" errors="0" timestamp="2023-10-24T20:18:45 IST" skipped="0">
  <testcase classname="testCases.Inventory_Page_Test" name="verifyProductNameText3Test" time="18.048"/>
  <system-out>
    <![CDATA[Product Lable = Sauce Labs Bolt T-Shirt]]>
  </system-out>
  <testcase classname="testCases.Inventory_Page_Test" name="verifyAddtocart1Test" time="13.160"/>
  <system-out>
    <![CDATA[Product Label =true]]>
  </system-out>
  <testcase classname="testCases.Inventory_Page_Test" name="add6ProductsTest" time="14.330">
    <failure message="expected:&lt;4&gt; but was:&lt;6&gt;" type="java.lang.AssertionError">
      <![CDATA[java.lang.AssertionError: expected:<4> but was:<6>
at org.testng.AssertJUnit.assertEquals(AssertJUnit.java:115)
at org.testng.AssertJUnit.assertEquals(AssertJUnit.java:125)
at testCases.Inventory_Page_Test.add6ProductsTest(Inventory_Page_Test.java:173)
at java.base/jdk.internal.reflect.NativeMethodAccessorImpl.invoke0(Native Method)
at java.base/jdk.internal.reflect.NativeMethodAccessorImpl.invoke(NativeMethodAccessorImpl.java:77)
at java.base/jdk.internal.reflect.DelegatingMethodAccessorImpl.invoke(DelegatingMethodAccessorImpl.java:43)
at java.base/java.lang.reflect.Method.invoke(Method.java:568)
at org.testng.internal.invokers.MethodInvocationHelper.invokeMethod(MethodInvocationHelper.java:139)
at org.testng.internal.invokers.TestInvoker.invokeMethod(TestInvoker.java:677)
at org.testng.internal.invokers.TestInvoker.invokeTestMethod(TestInvoker.java:221)
at org.testng.internal.invokers.MethodRunner.runInSequence(MethodRunner.java:50)
at org.testng.internal.invokers.TestInvoker$MethodInvocationAgent.invoke(TestInvoker.java:969)
at org.testng.internal.invokers.TestInvoker.invokeTestMethods(TestInvoker.java:194)
at org.testng.internal.invokers.TestMethodWorker.invokeTestMethods(TestMethodWorker.java:148)
at org.testng.internal.invokers.TestMethodWorker.run(TestMethodWorker.java:128)
at java.base/java.util.ArrayList.forEach(ArrayList.java:1511)
at org.testng.TestRunner.privateRun(TestRunner.java:829)
at org.testng.TestRunner.run(TestRunner.java:602)
at org.testng.SuiteRunner.runTest(SuiteRunner.java:437)
at org.testng.SuiteRunner.runSequentially(SuiteRunner.java:431)
at org.testng.SuiteRunner.privateRun(SuiteRunner.java:391)
at org.testng.SuiteRunner.run(SuiteRunner.java:330)
at org.testng.SuiteRunnerWorker.runSuite(SuiteRunnerWorker.java:52)
at org.testng.SuiteRunnerWorker.run(SuiteRunnerWorker.java:95)
at org.testng.TestNG.runSuitesSequentially(TestNG.java:1256)
at org.testng.TestNG.runSuitesLocally(TestNG.java:1176)
at org.testng.TestNG.runSuites(TestNG.java:1099)
at org.testng.TestNG.run(TestNG.java:1067)
at org.testng.remote.AbstractRemoteTestNG.run(AbstractRemoteTestNG.java:115)
at org.testng.remote.RemoteTestNG.initAndRun(RemoteTestNG.java:251)
at org.testng.remote.RemoteTestNG.main(RemoteTestNG.java:77)
]]>
    </failure>
  </testcase> <!-- add6ProductsTest -->
  <system-out/>
  <testcase classname="testCases.Inventory_Page_Test" name="verifyAddtocart5Test" time="12.143"/>
  <system-out>
    <![CDATA[Product Label =true]]>
  </system-out>
  <testcase classname="testCases.Inventory_Page_Test" name="verifyProductNameText5Test" time="11.216"/>
  <system-out>
    <![CDATA[Product Lable = Sauce Labs Onesie]]>
  </system-out>
  <testcase classname="testCases.Inventory_Page_Test" name="verifyProductNameText1Test" time="11.409"/>
  <system-out>
    <![CDATA[Product Lable = Sauce Labs Backpack]]>
  </system-out>
  <testcase classname="testCases.Inventory_Page_Test" name="verifyAddtocart6Test" time="11.394"/>
  <system-out>
    <![CDATA[Product Label =true]]>
  </system-out>
  <testcase classname="testCases.Inventory_Page_Test" name="verifyProductNameText6Test" time="15.583"/>
  <system-out>
    <![CDATA[Product Lable = Test.allTheThings() T-Shirt (Red)]]>
  </system-out>
  <testcase classname="testCases.Inventory_Page_Test" name="verifyAddtocart3Test" time="13.586"/>
  <system-out>
    <![CDATA[Product Label =true]]>
  </system-out>
  <testcase classname="testCases.Inventory_Page_Test" name="verifyAppLogoLabelTest" time="12.238"/>
  <system-out>
    <![CDATA[Application Logo Lable = Swag Labs]]>
  </system-out>
  <testcase classname="testCases.Inventory_Page_Test" name="verifyTwitterLogoTest" time="11.769"/>
  <system-out>
    <![CDATA[Visibility of Twitter Logo =true]]>
  </system-out>
  <testcase classname="testCases.Inventory_Page_Test" name="verifyProductNameText4Test" time="11.521"/>
  <system-out>
    <![CDATA[Product Lable = Sauce Labs Fleece Jacket]]>
  </system-out>
  <testcase classname="testCases.Inventory_Page_Test" name="verifyProductNameText2Test" time="14.050"/>
  <system-out>
    <![CDATA[Product Lable = Sauce Labs Bike Light]]>
  </system-out>
  <testcase classname="testCases.Inventory_Page_Test" name="verifyAddtocart2Test" time="19.683"/>
  <system-out>
    <![CDATA[Product Label =true]]>
  </system-out>
  <testcase classname="testCases.Inventory_Page_Test" name="verifyProductLabelTest" time="18.202"/>
  <system-out>
    <![CDATA[applications Lable = Products]]>
  </system-out>
  <testcase classname="testCases.Inventory_Page_Test" name="verifyCartLogoTest" time="16.510"/>
  <system-out>
    <![CDATA[Visibility of Cart Logo =true]]>
  </system-out>
  <testcase classname="testCases.Inventory_Page_Test" name="verifyLinkedInTest" time="13.489"/>
  <system-out>
    <![CDATA[Visibility of LinkedIn Logo =true]]>
  </system-out>
  <testcase classname="testCases.Inventory_Page_Test" name="remove2ProductTest" time="21.075">
    <failure message="expected:&lt;6&gt; but was:&lt;4&gt;" type="java.lang.AssertionError">
      <![CDATA[java.lang.AssertionError: expected:<6> but was:<4>
at org.testng.AssertJUnit.assertEquals(AssertJUnit.java:115)
at org.testng.AssertJUnit.assertEquals(AssertJUnit.java:125)
at testCases.Inventory_Page_Test.remove2ProductTest(Inventory_Page_Test.java:181)
at java.base/jdk.internal.reflect.NativeMethodAccessorImpl.invoke0(Native Method)
at java.base/jdk.internal.reflect.NativeMethodAccessorImpl.invoke(NativeMethodAccessorImpl.java:77)
at java.base/jdk.internal.reflect.DelegatingMethodAccessorImpl.invoke(DelegatingMethodAccessorImpl.java:43)
at java.base/java.lang.reflect.Method.invoke(Method.java:568)
at org.testng.internal.invokers.MethodInvocationHelper.invokeMethod(MethodInvocationHelper.java:139)
at org.testng.internal.invokers.TestInvoker.invokeMethod(TestInvoker.java:677)
at org.testng.internal.invokers.TestInvoker.invokeTestMethod(TestInvoker.java:221)
at org.testng.internal.invokers.MethodRunner.runInSequence(MethodRunner.java:50)
at org.testng.internal.invokers.TestInvoker$MethodInvocationAgent.invoke(TestInvoker.java:969)
at org.testng.internal.invokers.TestInvoker.invokeTestMethods(TestInvoker.java:194)
at org.testng.internal.invokers.TestMethodWorker.invokeTestMethods(TestMethodWorker.java:148)
at org.testng.internal.invokers.TestMethodWorker.run(TestMethodWorker.java:128)
at java.base/java.util.ArrayList.forEach(ArrayList.java:1511)
at org.testng.TestRunner.privateRun(TestRunner.java:829)
at org.testng.TestRunner.run(TestRunner.java:602)
at org.testng.SuiteRunner.runTest(SuiteRunner.java:437)
at org.testng.SuiteRunner.runSequentially(SuiteRunner.java:431)
at org.testng.SuiteRunner.privateRun(SuiteRunner.java:391)
at org.testng.SuiteRunner.run(SuiteRunner.java:330)
at org.testng.SuiteRunnerWorker.runSuite(SuiteRunnerWorker.java:52)
at org.testng.SuiteRunnerWorker.run(SuiteRunnerWorker.java:95)
at org.testng.TestNG.runSuitesSequentially(TestNG.java:1256)
at org.testng.TestNG.runSuitesLocally(TestNG.java:1176)
at org.testng.TestNG.runSuites(TestNG.java:1099)
at org.testng.TestNG.run(TestNG.java:1067)
at org.testng.remote.AbstractRemoteTestNG.run(AbstractRemoteTestNG.java:115)
at org.testng.remote.RemoteTestNG.initAndRun(RemoteTestNG.java:251)
at org.testng.remote.RemoteTestNG.main(RemoteTestNG.java:77)
]]>
    </failure>
  </testcase> <!-- remove2ProductTest -->
  <system-out/>
  <testcase classname="testCases.Inventory_Page_Test" name="verifyFacebookTest" time="10.486"/>
  <system-out>
    <![CDATA[Visibility of Facebook Logo =true]]>
  </system-out>
  <testcase classname="testCases.Inventory_Page_Test" name="verifyAddtocart4Test" time="20.755"/>
  <system-out>
    <![CDATA[Product Label =true]]>
  </system-out>
</testsuite> <!-- testCases.Inventory_Page_Test -->
